C51 COMPILER V9.57.0.0   BUZZ                                                              01/14/2022 17:53:01 PAGE 1   


C51 COMPILER V9.57.0.0, COMPILATION OF MODULE BUZZ
OBJECT MODULE PLACED IN buzz.OBJ
COMPILER INVOKED BY: D:\APPS\KEIL\C51\BIN\C51.EXE buzz.c OPTIMIZE(8,SPEED) BROWSE DEBUG OBJECTEXTEND TABS(2)

line level    source

   1          #include "buzz.h"
   2          #include "delay.h"
   3          
   4          void Buzz_Times(unsigned char times)
   5          {
   6   1        unsigned char i=0;
   7   1        for(i=0;i<times;i++)
   8   1        {
   9   2           buzz=0;
  10   2           Delay_Ms(200);
  11   2           buzz=1;
  12   2           Delay_Ms(200);
  13   2        }
  14   1      }


MODULE INFORMATION:   STATIC OVERLAYABLE
   CODE SIZE        =     37    ----
   CONSTANT SIZE    =   ----    ----
   XDATA SIZE       =   ----    ----
   PDATA SIZE       =   ----    ----
   DATA SIZE        =   ----       2
   IDATA SIZE       =   ----    ----
   BIT SIZE         =   ----    ----
END OF MODULE INFORMATION.


C51 COMPILATION COMPLETE.  0 WARNING(S),  0 ERROR(S)
