C51 COMPILER V9.57.0.0   KEY                                                               01/14/2022 17:53:01 PAGE 1   


C51 COMPILER V9.57.0.0, COMPILATION OF MODULE KEY
OBJECT MODULE PLACED IN key.OBJ
COMPILER INVOKED BY: D:\APPS\KEIL\C51\BIN\C51.EXE key.c OPTIMIZE(8,SPEED) BROWSE DEBUG OBJECTEXTEND TABS(2)

line level    source

   1          #include <REGX52.H>
   2          
   3          void Key_Init(void)
   4          {
   5   1        P1=0XFF;
   6   1        P1_3=0;
   7   1      }


MODULE INFORMATION:   STATIC OVERLAYABLE
   CODE SIZE        =      6    ----
   CONSTANT SIZE    =   ----    ----
   XDATA SIZE       =   ----    ----
   PDATA SIZE       =   ----    ----
   DATA SIZE        =   ----    ----
   IDATA SIZE       =   ----    ----
   BIT SIZE         =   ----    ----
END OF MODULE INFORMATION.


C51 COMPILATION COMPLETE.  0 WARNING(S),  0 ERROR(S)
