C51 COMPILER V9.57.0.0   LCD_1602                                                          01/14/2022 17:54:20 PAGE 1   


C51 COMPILER V9.57.0.0, COMPILATION OF MODULE LCD_1602
OBJECT MODULE PLACED IN lcd_1602.OBJ
COMPILER INVOKED BY: D:\APPS\KEIL\C51\BIN\C51.EXE lcd_1602.c OPTIMIZE(8,SPEED) BROWSE DEBUG OBJECTEXTEND TABS(2)

line level    source

   1          #include <REGX52.H>
   2          
   3          sbit LCD_E=P2^7;
   4          sbit LCD_RS=P2^6;
   5          sbit LCD_RW=P2^5;
   6          #define LCD_DataPort P0
   7          char local_date=0,base_date=0;//全局变量，当前箭头位置
   8          void Delay1ms(unsigned char x)    //@12.000MHz
   9          {
  10   1        unsigned char i, j;
  11   1      
  12   1        i = 2;
  13   1        j = 239;
  14   1        while(x--)
  15   1        {
  16   2          do
  17   2          {
  18   3            while (--j);
  19   3          } while (--i);
  20   2        }
  21   1      }
  22          
  23          void LCD1602_WriteCommand(unsigned char Command)
  24          {
  25   1        LCD_RS=0;
  26   1        LCD_RW=0;
  27   1        LCD_DataPort=Command;
  28   1        LCD_E=1;
  29   1        Delay1ms(1);
  30   1        LCD_E=0;
  31   1        Delay1ms(1);
  32   1      }
  33          void LCD1602_WriteData(unsigned char Data)
  34          {
  35   1        LCD_RS=1;
  36   1        LCD_RW=0;
  37   1        LCD_DataPort=Data;
  38   1        LCD_E=1;
  39   1        Delay1ms(1);
  40   1        LCD_E=0;
  41   1        Delay1ms(1);
  42   1      }
  43          void LCD1602_SetCursor(unsigned char line,unsigned char column)
  44          {
  45   1        if(line==1)
  46   1        {
  47   2          LCD1602_WriteCommand(0x80|(column-1));
  48   2        }
  49   1        else
  50   1        {
  51   2          LCD1602_WriteCommand(0x80|(column-1)+0x40);
  52   2        }
  53   1      }
  54          int LCD1602_Pow(int a,int y)
  55          {
C51 COMPILER V9.57.0.0   LCD_1602                                                          01/14/2022 17:54:20 PAGE 2   

  56   1        unsigned char i;
  57   1        int result=1;
  58   1        for(i=0;i<y;i++)
  59   1        {
  60   2          result*=10;
  61   2        }
  62   1        return result;
  63   1      }
*** WARNING C280 IN LINE 54 OF lcd_1602.c: 'a': unreferenced local variable
  64          void LCD1602_CheckBusy(void)
  65          {
  66   1          unsigned char temp;
  67   1        LCD_DataPort=0xff;      //做输入先置高,12c系列单片机需转换端口模式
  68   1          while(1)
  69   1          {    
  70   2            LCD_E=0;         
  71   2            LCD_RS=0;
  72   2            LCD_RW=1;
  73   2            Delay1ms(1);
  74   2            LCD_E=1;
  75   2            Delay1ms(1);
  76   2            temp=LCD_DataPort;    //读取忙通道数据
  77   2            Delay1ms(1);
  78   2            LCD_E=0;
  79   2            if((temp&0x80)!=0x80)
  80   2            {    
  81   3                break;
  82   3            }
  83   2          }
  84   1      }
  85          void LCD1602_Init()
  86          {
  87   1        Delay1ms(15);
  88   1        LCD1602_WriteCommand(0x38);
  89   1        Delay1ms(5);
  90   1        LCD1602_WriteCommand(0x38);
  91   1        Delay1ms(5);
  92   1        LCD1602_WriteCommand(0x38);
  93   1        LCD1602_CheckBusy();
  94   1        LCD1602_WriteCommand(0x38);
  95   1        LCD1602_CheckBusy();
  96   1        LCD1602_WriteCommand(0x08);
  97   1        LCD1602_CheckBusy();
  98   1        LCD1602_WriteCommand(0x01);
  99   1        LCD1602_CheckBusy();
 100   1        LCD1602_WriteCommand(0x06);
 101   1        LCD1602_CheckBusy();
 102   1        LCD1602_WriteCommand(0x0c);
 103   1      }
 104          //显示字符串
 105          void LCD1602_ShowString(unsigned char line,unsigned char column,unsigned char String[])
 106          {
 107   1        unsigned char i;
 108   1        LCD1602_SetCursor(line,column);
 109   1        for(i=0;String[i]!=0;i++)
 110   1        {
 111   2            LCD1602_WriteData(String[i]);
 112   2        }
 113   1      }
 114          void LCD1602_ShowNum(unsigned char line,unsigned char column,unsigned char Number,unsigned char length)
 115          {
 116   1        unsigned char i;
C51 COMPILER V9.57.0.0   LCD_1602                                                          01/14/2022 17:54:20 PAGE 3   

 117   1        LCD1602_SetCursor(line,column);
 118   1        for(i=length;i>0;i--)
 119   1        {
 120   2            LCD1602_WriteData(Number/LCD1602_Pow(10,i-1)%10+0x30);
 121   2        }
 122   1      }


MODULE INFORMATION:   STATIC OVERLAYABLE
   CODE SIZE        =    297    ----
   CONSTANT SIZE    =   ----    ----
   XDATA SIZE       =   ----    ----
   PDATA SIZE       =   ----    ----
   DATA SIZE        =      2      12
   IDATA SIZE       =   ----    ----
   BIT SIZE         =   ----    ----
END OF MODULE INFORMATION.


C51 COMPILATION COMPLETE.  1 WARNING(S),  0 ERROR(S)
