C51 COMPILER V9.57.0.0   MAIN                                                              01/14/2022 23:19:43 PAGE 1   


C51 COMPILER V9.57.0.0, COMPILATION OF MODULE MAIN
OBJECT MODULE PLACED IN main.OBJ
COMPILER INVOKED BY: D:\APPS\KEIL\C51\BIN\C51.EXE main.c OPTIMIZE(8,SPEED) BROWSE DEBUG OBJECTEXTEND TABS(2)

line level    source

   1          //该代码适用于普中科技51单片机开发板
   2          //使用4*4矩阵键盘 5,ok  9,加一  13，取消
   3          //独立按键引脚冲突不可使用（P30,P31引脚冲突）
   4          #include <REGX52.H>
   5          #include "intrins.h"
   6          #include "buzz.h"
   7          #include "key.h"
   8          #include "uart.h"
   9          #include "delay.h"
  10          #include "FPM10A.h"
  11          #include "lcd_1602.h"
  12          
  13          void main(void)
  14          {             
  15   1        LCD1602_Init();     //初始化液晶
  16   1        LCD1602_ShowString(1,1,"Fingerprint Test");  //液晶开机显示界面
  17   1          Uart_Init();      //初始化串口
  18   1        Key_Init();       //初始化按键
  19   1        Delay_Ms(200);          //延时500MS，等待指纹模块复位
  20   1        Device_Check();       //校对指纹模块是否接入正确，液晶做出相应的提示
  21   1        Delay_Ms(100);      //对接成功界面停留一定时间
  22   1        while(1)
  23   1        {
  24   2            /**************进入主功能界面****************/
  25   2          LCD1602_ShowString(1,2,"search  finger ");   //第一排显示搜索指纹
  26   2            LCD1602_ShowString(2,2,"Add     delete");  //添加和删除指纹
  27   2            if(local_date==0)
  28   2            {
  29   3              LCD1602_ShowString(1,1,"*");
  30   3              LCD1602_ShowString(2,1," ");
  31   3              LCD1602_ShowString(2,9," ");  
  32   3            }
  33   2            else if(local_date==1)
  34   2            {
  35   3              LCD1602_ShowString(1,1," ");
  36   3              LCD1602_ShowString(2,1,"*");
  37   3              LCD1602_ShowString(2,9," ");  
  38   3            }
  39   2            else if(local_date==2)
  40   2            {
  41   3              LCD1602_ShowString(1,1," ");
  42   3              LCD1602_ShowString(2,1," ");
  43   3              LCD1602_ShowString(2,9,"*");  
  44   3            }     
  45   2            //确认键
  46   2            if(KEY_OK == 0)
  47   2            {  
  48   3              while(KEY_OK == 0);//等待松开按键               
  49   3              switch(local_date)
  50   3              {
  51   4                  case 0:  //搜索指纹           
  52   4                  FPM10A_Find_Fingerprint();                                                
  53   4                  break;  
  54   4                  
  55   4                  case 1:  //添加指纹
C51 COMPILER V9.57.0.0   MAIN                                                              01/14/2022 23:19:43 PAGE 2   

  56   4                  FPM10A_Add_Fingerprint();
  57   4                  break;          
  58   4                  
  59   4                  case 2: //清空指纹
  60   4                  FPM10A_Delete_All_Fingerprint();
  61   4                    break;
  62   4                }
  63   3              }
  64   2                //切换键
  65   2              if(KEY_DOWN == 0)
  66   2              {
  67   3                while(KEY_DOWN == 0); //等待松开按键        
  68   3                  if(local_date<=2)
  69   3                {
  70   4                  local_date++;
  71   4                  if(local_date==3)
  72   4                    local_date=0;           
  73   4                }   
  74   3              }           
  75   2              Delay_Ms(100); //延时判断100MS检测一次    
  76   2        }
  77   1      }


MODULE INFORMATION:   STATIC OVERLAYABLE
   CODE SIZE        =    241    ----
   CONSTANT SIZE    =     52    ----
   XDATA SIZE       =   ----    ----
   PDATA SIZE       =   ----    ----
   DATA SIZE        =   ----    ----
   IDATA SIZE       =   ----    ----
   BIT SIZE         =   ----    ----
END OF MODULE INFORMATION.


C51 COMPILATION COMPLETE.  0 WARNING(S),  0 ERROR(S)
