C51 COMPILER V9.57.0.0   UART                                                              01/14/2022 17:55:59 PAGE 1   


C51 COMPILER V9.57.0.0, COMPILATION OF MODULE UART
OBJECT MODULE PLACED IN uart.OBJ
COMPILER INVOKED BY: D:\APPS\KEIL\C51\BIN\C51.EXE uart.c OPTIMIZE(8,SPEED) BROWSE DEBUG OBJECTEXTEND TABS(2)

line level    source

   1          #include <REGX52.H>
   2          #include "UART.h"
   3          void Uart_Init()
   4          {
   5   1        PCON |= 0x80;   //使能波特率倍速位SMOD
   6   1        SCON = 0x50;    //8位数据,可变波特率
   7   1        TMOD &= 0x0F;   //清除定时器1模式位
   8   1        TMOD |= 0x20;   //设定定时器1为8位自动重装方式
   9   1        TL1 = 0xFF;   //设定定时初值
  10   1        TH1 = 0xFF;   //设定定时器重装值
  11   1        ET1 = 0;    //禁止定时器1中断
  12   1        TR1 = 1;    //启动定时器1
  13   1        EA=1;
  14   1      }
  15          void Uart_Sent_Byte(unsigned char c)
  16          {
  17   1        SBUF=c;
  18   1        while(!TI);
  19   1        TI=0;
  20   1      }
  21          unsigned char Uart_Receive_Byte()
  22          {
  23   1        unsigned char da;
  24   1        while(!RI);
  25   1        RI=0;
  26   1        da=SBUF;
  27   1        return da;
  28   1        
  29   1      }


MODULE INFORMATION:   STATIC OVERLAYABLE
   CODE SIZE        =     41    ----
   CONSTANT SIZE    =   ----    ----
   XDATA SIZE       =   ----    ----
   PDATA SIZE       =   ----    ----
   DATA SIZE        =   ----    ----
   IDATA SIZE       =   ----    ----
   BIT SIZE         =   ----    ----
END OF MODULE INFORMATION.


C51 COMPILATION COMPLETE.  0 WARNING(S),  0 ERROR(S)
